<?xml version="1.0" encoding="UTF-8"?>
<!-- Generated by org.testng.reporters.JUnitReportReporter -->
<testsuite skipped="0" hostname="3ATEF-74" name="org.example.testRunner.Runner" tests="24" failures="1" timestamp="2022-12-05T21:18:48 EET" time="194.903" errors="2">
  <testcase name="runScenario" time="6.566" classname="org.example.testRunner.Runner"/>
  <system-out/>
  <testcase name="runScenario" time="10.919" classname="org.example.testRunner.Runner"/>
  <system-out/>
  <testcase name="runScenario" time="6.472" classname="org.example.testRunner.Runner"/>
  <system-out/>
  <testcase name="runScenario" time="6.578" classname="org.example.testRunner.Runner"/>
  <system-out/>
  <testcase name="runScenario" time="7.716" classname="org.example.testRunner.Runner"/>
  <system-out/>
  <testcase name="runScenario" time="6.071" classname="org.example.testRunner.Runner"/>
  <system-out/>
  <testcase name="runScenario" time="6.838" classname="org.example.testRunner.Runner"/>
  <system-out/>
  <testcase name="runScenario" time="6.513" classname="org.example.testRunner.Runner"/>
  <system-out/>
  <testcase name="runScenario" time="10.067" classname="org.example.testRunner.Runner"/>
  <system-out/>
  <testcase name="runScenario" time="11.584" classname="org.example.testRunner.Runner">
    <error type="org.openqa.selenium.TimeoutException" message="Expected condition failed: waiting for url to contain &quot;https://demo.nopcommerce.com/iphone-6&quot;. Current url: &quot;https://demo.nopcommerce.com/&quot; (tried for 5 second(s) with 500 milliseconds interval)
Build info: version: &#039;4.1.1&#039;, revision: &#039;e8fcc2cecf&#039;
System info: host: &#039;3ATEF-74&#039;, ip: &#039;192.168.1.15&#039;, os.name: &#039;Windows 10&#039;, os.arch: &#039;amd64&#039;, os.version: &#039;10.0&#039;, java.version: &#039;1.8.0_351&#039;
Driver info: org.openqa.selenium.chrome.ChromeDriver
Capabilities {acceptInsecureCerts: false, browserName: chrome, browserVersion: 108.0.5359.73, chrome: {chromedriverVersion: 107.0.5304.62 (1eec40d3a576..., userDataDir: C:\Users\pc\AppData\Local\T...}, goog:chromeOptions: {debuggerAddress: localhost:62639}, javascriptEnabled: true, networkConnectionEnabled: false, pageLoadStrategy: normal, platform: WINDOWS, platformName: WINDOWS, proxy: Proxy(), se:cdp: ws://localhost:62639/devtoo..., se:cdpVersion: 108.0.5359.73, setWindowRect: true, strictFileInteractability: false, timeouts: {implicit: 0, pageLoad: 300000, script: 30000}, unhandledPromptBehavior: dismiss and notify, webauthn:extension:credBlob: true, webauthn:extension:largeBlob: true, webauthn:virtualAuthenticators: true}
Session ID: a15fa8cfa0452cb99cc02e30702b9d33">
      <![CDATA[org.openqa.selenium.TimeoutException: Expected condition failed: waiting for url to contain "https://demo.nopcommerce.com/iphone-6". Current url: "https://demo.nopcommerce.com/" (tried for 5 second(s) with 500 milliseconds interval)
Build info: version: '4.1.1', revision: 'e8fcc2cecf'
System info: host: '3ATEF-74', ip: '192.168.1.15', os.name: 'Windows 10', os.arch: 'amd64', os.version: '10.0', java.version: '1.8.0_351'
Driver info: org.openqa.selenium.chrome.ChromeDriver
Capabilities {acceptInsecureCerts: false, browserName: chrome, browserVersion: 108.0.5359.73, chrome: {chromedriverVersion: 107.0.5304.62 (1eec40d3a576..., userDataDir: C:\Users\pc\AppData\Local\T...}, goog:chromeOptions: {debuggerAddress: localhost:62639}, javascriptEnabled: true, networkConnectionEnabled: false, pageLoadStrategy: normal, platform: WINDOWS, platformName: WINDOWS, proxy: Proxy(), se:cdp: ws://localhost:62639/devtoo..., se:cdpVersion: 108.0.5359.73, setWindowRect: true, strictFileInteractability: false, timeouts: {implicit: 0, pageLoad: 300000, script: 30000}, unhandledPromptBehavior: dismiss and notify, webauthn:extension:credBlob: true, webauthn:extension:largeBlob: true, webauthn:virtualAuthenticators: true}
Session ID: a15fa8cfa0452cb99cc02e30702b9d33
at org.openqa.selenium.support.ui.WebDriverWait.timeoutException(WebDriverWait.java:138)
at org.openqa.selenium.support.ui.FluentWait.until(FluentWait.java:231)
at org.example.stepDefs.HomeSliders_StepDef.iphoneProductPage(HomeSliders_StepDef.java:35)
at ✽.The user should be redirected to the related iphone product page(file:///D:/Programming/FWD/src/main/resources/features/FF05_HomeSliders.feature:10)
]]>
    </error>
  </testcase> <!-- runScenario -->
  <system-out/>
  <testcase name="runScenario" time="14.041" classname="org.example.testRunner.Runner"/>
  <system-out/>
  <testcase name="runScenario" time="8.039" classname="org.example.testRunner.Runner"/>
  <system-out/>
  <testcase name="runScenario" time="7.601" classname="org.example.testRunner.Runner"/>
  <system-out/>
  <testcase name="runScenario" time="9.453" classname="org.example.testRunner.Runner">
    <error type="org.openqa.selenium.TimeoutException" message="Expected condition failed: waiting for url to contain &quot;https://demo.nopcommerce.com/nokia-lumia-1020&quot;. Current url: &quot;https://demo.nopcommerce.com/&quot; (tried for 5 second(s) with 500 milliseconds interval)
Build info: version: &#039;4.1.1&#039;, revision: &#039;e8fcc2cecf&#039;
System info: host: &#039;3ATEF-74&#039;, ip: &#039;192.168.1.15&#039;, os.name: &#039;Windows 10&#039;, os.arch: &#039;amd64&#039;, os.version: &#039;10.0&#039;, java.version: &#039;1.8.0_351&#039;
Driver info: org.openqa.selenium.chrome.ChromeDriver
Capabilities {acceptInsecureCerts: false, browserName: chrome, browserVersion: 108.0.5359.73, chrome: {chromedriverVersion: 107.0.5304.62 (1eec40d3a576..., userDataDir: C:\Users\pc\AppData\Local\T...}, goog:chromeOptions: {debuggerAddress: localhost:62617}, javascriptEnabled: true, networkConnectionEnabled: false, pageLoadStrategy: normal, platform: WINDOWS, platformName: WINDOWS, proxy: Proxy(), se:cdp: ws://localhost:62617/devtoo..., se:cdpVersion: 108.0.5359.73, setWindowRect: true, strictFileInteractability: false, timeouts: {implicit: 0, pageLoad: 300000, script: 30000}, unhandledPromptBehavior: dismiss and notify, webauthn:extension:credBlob: true, webauthn:extension:largeBlob: true, webauthn:virtualAuthenticators: true}
Session ID: d6e41c5515bd0186733ca37875a0af78">
      <![CDATA[org.openqa.selenium.TimeoutException: Expected condition failed: waiting for url to contain "https://demo.nopcommerce.com/nokia-lumia-1020". Current url: "https://demo.nopcommerce.com/" (tried for 5 second(s) with 500 milliseconds interval)
Build info: version: '4.1.1', revision: 'e8fcc2cecf'
System info: host: '3ATEF-74', ip: '192.168.1.15', os.name: 'Windows 10', os.arch: 'amd64', os.version: '10.0', java.version: '1.8.0_351'
Driver info: org.openqa.selenium.chrome.ChromeDriver
Capabilities {acceptInsecureCerts: false, browserName: chrome, browserVersion: 108.0.5359.73, chrome: {chromedriverVersion: 107.0.5304.62 (1eec40d3a576..., userDataDir: C:\Users\pc\AppData\Local\T...}, goog:chromeOptions: {debuggerAddress: localhost:62617}, javascriptEnabled: true, networkConnectionEnabled: false, pageLoadStrategy: normal, platform: WINDOWS, platformName: WINDOWS, proxy: Proxy(), se:cdp: ws://localhost:62617/devtoo..., se:cdpVersion: 108.0.5359.73, setWindowRect: true, strictFileInteractability: false, timeouts: {implicit: 0, pageLoad: 300000, script: 30000}, unhandledPromptBehavior: dismiss and notify, webauthn:extension:credBlob: true, webauthn:extension:largeBlob: true, webauthn:virtualAuthenticators: true}
Session ID: d6e41c5515bd0186733ca37875a0af78
at org.openqa.selenium.support.ui.WebDriverWait.timeoutException(WebDriverWait.java:138)
at org.openqa.selenium.support.ui.FluentWait.until(FluentWait.java:231)
at org.example.stepDefs.HomeSliders_StepDef.lumiaProductPage(HomeSliders_StepDef.java:21)
at ✽.The user should be redirected to the related lumia product page(file:///D:/Programming/FWD/src/main/resources/features/FF05_HomeSliders.feature:5)
]]>
    </error>
  </testcase> <!-- runScenario -->
  <system-out/>
  <testcase name="runScenario" time="10.787" classname="org.example.testRunner.Runner"/>
  <system-out/>
  <testcase name="runScenario" time="7.861" classname="org.example.testRunner.Runner"/>
  <system-out/>
  <testcase name="runScenario" time="7.211" classname="org.example.testRunner.Runner">
    <failure type="java.lang.AssertionError" message="Social media link assertion expected [https://demo.nopcommerce.com/new-online-store-is-open] but found [https://demo.nopcommerce.com/news/rss/1]">
      <![CDATA[java.lang.AssertionError: Social media link assertion expected [https://demo.nopcommerce.com/new-online-store-is-open] but found [https://demo.nopcommerce.com/news/rss/1]
at org.testng.Assert.fail(Assert.java:110)
at org.testng.Assert.failNotEquals(Assert.java:1413)
at org.testng.Assert.assertEqualsImpl(Assert.java:149)
at org.testng.Assert.assertEquals(Assert.java:131)
at org.testng.Assert.assertEquals(Assert.java:655)
at org.example.stepDefs.FollowUs_StepDef.openSocialMedia(FollowUs_StepDef.java:30)
at ✽.The user should be redirected to the related "https://demo.nopcommerce.com/new-online-store-is-open"(file:///D:/Programming/FWD/src/main/resources/features/FF06_FollowUs.feature:5)
]]>
    </failure>
  </testcase> <!-- runScenario -->
  <system-out/>
  <testcase name="runScenario" time="6.752" classname="org.example.testRunner.Runner"/>
  <system-out/>
  <testcase name="runScenario" time="6.551" classname="org.example.testRunner.Runner"/>
  <system-out/>
  <testcase name="runScenario" time="7.818" classname="org.example.testRunner.Runner"/>
  <system-out/>
  <testcase name="runScenario" time="6.286" classname="org.example.testRunner.Runner"/>
  <system-out/>
  <testcase name="runScenario" time="6.360" classname="org.example.testRunner.Runner"/>
  <system-out/>
  <testcase name="runScenario" time="6.798" classname="org.example.testRunner.Runner"/>
  <system-out/>
  <testcase name="runScenario" time="10.021" classname="org.example.testRunner.Runner"/>
  <system-out/>
</testsuite> <!-- org.example.testRunner.Runner -->
